<?xml version="1.0" encoding="UTF-8"?>
<testng-results ignored="0" total="3" passed="3" failed="0" skipped="0">
  <reporter-output>
  </reporter-output>
  <suite started-at="2021-04-15T12:16:59 IST" name="All Test Suite" finished-at="2021-04-15T12:16:59 IST" duration-ms="45">
    <groups>
    </groups>
    <test started-at="2021-04-15T12:16:59 IST" name="First Project" finished-at="2021-04-15T12:16:59 IST" duration-ms="45">
      <class name="practice2.NewClass">
        <test-method signature="loginClass()[pri:0, instance:practice2.NewClass@401e7803]" started-at="2021-04-15T12:16:59 IST" name="loginClass" finished-at="2021-04-15T12:16:59 IST" duration-ms="5" status="PASS">
          <reporter-output>
          </reporter-output>
        </test-method> <!-- loginClass -->
        <test-method signature="printValue(int)[pri:0, instance:practice2.NewClass@401e7803]" started-at="2021-04-15T12:16:59 IST" name="printValue" data-provider="login" finished-at="2021-04-15T12:16:59 IST" duration-ms="1" status="PASS">
          <params>
            <param index="0">
              <value>
                <![CDATA[1]]>
              </value>
            </param>
          </params>
          <reporter-output>
          </reporter-output>
        </test-method> <!-- printValue -->
        <test-method signature="printValue(int)[pri:0, instance:practice2.NewClass@401e7803]" started-at="2021-04-15T12:16:59 IST" name="printValue" data-provider="login" finished-at="2021-04-15T12:16:59 IST" duration-ms="0" status="PASS">
          <params>
            <param index="0">
              <value>
                <![CDATA[3]]>
              </value>
            </param>
          </params>
          <reporter-output>
          </reporter-output>
        </test-method> <!-- printValue -->
      </class> <!-- practice2.NewClass -->
    </test> <!-- First Project -->
  </suite> <!-- All Test Suite -->
</testng-results>
