<?xml version="1.0" encoding="UTF-8"?>
<!-- Generated by org.testng.reporters.JUnitXMLReporter -->
<testsuite ignored="0" hostname="Kavitas-MacBook-Pro.local" failures="0" tests="3" name="First Project" time="0.045" errors="0" timestamp="2021-04-15T12:17:04 IST">
  <testcase classname="practice2.NewClass" name="loginClass" time="0.005"/>
  <testcase classname="practice2.NewClass" name="printValue" time="0.001"/>
  <testcase classname="practice2.NewClass" name="printValue" time="0.0"/>
</testsuite> <!-- First Project -->
